2024-03-06 19:26:39 - Regression - data_ingestion - INFO : Data Ingetion methods starts
2024-03-06 19:26:40 - Regression - data_ingestion - INFO : Dataset read successfully
2024-03-06 19:26:40 - Regression - data_ingestion - INFO : Train test split starts
2024-03-06 19:26:40 - Regression - data_ingestion - INFO : Train test split ends
2024-03-06 19:26:40 - Regression - data_ingestion - INFO : Inserting the train and test data into artifacts directory
2024-03-06 19:26:40 - Regression - data_ingestion - INFO : Inserting the train and test data into artifacts directory ends
2024-03-06 19:26:40 - Regression - data_ingestion - INFO : Data Ingetion methods ends
2024-03-06 19:26:40 - Regression - data_transformation - INFO : Data Transformation methods starts
2024-03-06 19:26:40 - Regression - data_transformation - INFO : Data Read successfully
2024-03-06 19:26:40 - Regression - data_transformation - INFO : Train Data Frame Head: 
       id  carat        cut color clarity  depth  table     x     y     z  price
0   11504   0.41      Ideal     E    VVS2   60.6   56.0  4.85  4.80  2.93   1181
1   95284   1.23  Very Good     H     VS1   59.9   59.0  6.91  7.01  4.19   7418
2  184777   1.70    Premium     H     VS2   62.0   58.0  7.61  7.66  4.74  12755
3    5419   0.33      Ideal     F    VVS1   61.2   56.0  4.47  4.44  2.73   1020
4   45466   0.33  Very Good     I     SI1   62.1   58.0  4.41  4.45  2.75    445
2024-03-06 19:26:40 - Regression - data_transformation - INFO : Test Data Frame Head: 
       id  carat        cut color clarity  depth  table     x     y     z  price
0   14868   0.50      Ideal     D     SI1   62.1   57.0  5.05  5.08  3.14   1355
1  165613   2.00  Very Good     G     SI2   59.5   57.0  8.08  8.15  4.89  14691
2   96727   0.27    Premium     E    VVS1   60.5   59.0  4.19  4.16  2.52    844
3  145593   0.32    Premium     I    VVS1   61.2   59.0  4.43  4.44  2.71    707
4  118689   1.19      Ideal     H     SI1   62.5   56.0  6.77  6.81  4.23   5797
2024-03-06 19:26:40 - Regression - data_transformation - INFO : Input and Output Feature distribution to start
2024-03-06 19:26:40 - Regression - data_transformation - INFO : Data Transformation methods starts
2024-03-06 19:26:40 - Regression - data_transformation - INFO : Pipeline Initiated
2024-03-06 19:26:40 - Regression - data_transformation - INFO : Pipeline methods creation ends
2024-03-06 19:26:40 - Regression - data_transformation - INFO : Input and Output Feature distribution Successfulll
2024-03-06 19:26:40 - Regression - data_transformation - INFO : Applying preprocessing object on training and test data
2024-03-06 19:26:41 - Regression - data_transformation - INFO : Data TPreprocessing Successfulll
2024-03-06 19:26:41 - Regression - data_transformation - INFO : train and test array created Successfullly
2024-03-06 19:26:41 - Regression - utils - INFO : pickle file saved to: /Users/abhishek/Desktop/iNeuron/Machine Learning/Linear Regression/Linear_Regression_End_to_End/artifacts/preprocessor.pkl
2024-03-06 19:26:41 - Regression - data_transformation - INFO : saved the pickle file preprocessing_obj to: /Users/abhishek/Desktop/iNeuron/Machine Learning/Linear Regression/Linear_Regression_End_to_End/artifacts/preprocessor.pkl
2024-03-06 19:26:41 - Regression - model_trainer - INFO : Splitting Dependent and Independent variables from train and test data
2024-03-06 19:26:41 - Regression - utils - INFO : Calculating the performance metrics
2024-03-06 19:26:41 - Regression - utils - INFO : Model: LinearRegression, R2 Score: 0.9362906819996075
2024-03-06 19:26:47 - Regression - utils - INFO : Model: Lasso, R2 Score: 0.9362869814082755
2024-03-06 19:26:47 - Regression - utils - INFO : Model: Ridge, R2 Score: 0.9362900967491611
2024-03-06 19:26:48 - Regression - utils - INFO : Model: Elasticnet, R2 Score: 0.8544967219374037
2024-03-06 19:26:48 - Regression - utils - INFO : Calculating the performance metrics ends
2024-03-06 19:26:48 - Regression - model_trainer - INFO : 
====================================================================================

2024-03-06 19:26:48 - Regression - model_trainer - INFO : Model Report : {'LinearRegression': 0.9362906819996075, 'Lasso': 0.9362869814082755, 'Ridge': 0.9362900967491611, 'Elasticnet': 0.8544967219374037}
2024-03-06 19:26:48 - Regression - model_trainer - INFO : 
====================================================================================

2024-03-06 19:26:48 - Regression - model_trainer - INFO : 
====================================================================================

2024-03-06 19:26:48 - Regression - model_trainer - INFO : Best Model: LinearRegression ## Best Model Score : 0.9362906819996075
2024-03-06 19:26:48 - Regression - model_trainer - INFO : 
====================================================================================

2024-03-06 19:26:48 - Regression - utils - INFO : pickle file saved to: /Users/abhishek/Desktop/iNeuron/Machine Learning/Linear Regression/Linear_Regression_End_to_End/artifacts/model.pkl
